<?xml version="1.0" encoding="UTF-8"?>
<testsuite xmlns:xsi="http://www.w3.org/2001/XMLSchema-instance" xsi:noNamespaceSchemaLocation="https://maven.apache.org/surefire/maven-surefire-plugin/xsd/surefire-test-report-3.0.xsd" version="3.0" name="pack.FinalPjtApplicationTests" time="2.205" tests="1" errors="0" skipped="0" failures="0">
  <properties>
[...]
</properties>
  <testcase name="contextLoads" classname="pack.FinalPjtApplicationTests" time="0.267">
    <system-out><![CDATA[18:38:51.622 [main] INFO org.springframework.test.context.support.AnnotationConfigContextLoaderUtils -- Could not detect default configuration classes for test class [pack.FinalPjtApplicationTests]: FinalPjtApplicationTests does not declare any static, non-private, non-final, nested classes annotated with @Configuration.
18:38:51.695 [main] INFO org.springframework.boot.test.context.SpringBootTestContextBootstrapper -- Found @SpringBootConfiguration pack.FinalPjtApplication for test class pack.FinalPjtApplicationTests
18:38:51.786 [main] INFO org.springframework.boot.devtools.restart.RestartApplicationListener -- Restart disabled due to context in which it is running

  .   ____          _            __ _ _
 /\\ / ___'_ __ _ _(_)_ __  __ _ \ \ \ \
( ( )\___ | '_ | '_| | '_ \/ _` | \ \ \ \
 \\/  ___)| |_)| | | | | || (_| |  ) ) ) )
  '  |____| .__|_| |_|_| |_\__, | / / / /
 =========|_|==============|___/=/_/_/_/

 :: Spring Boot ::                (v3.3.4)

2024-10-29T18:38:51.921+09:00  INFO 84347 --- [FinalPJT] [           main] pack.FinalPjtApplicationTests            : Starting FinalPjtApplicationTests using Java 22.0.2 with PID 84347 (started by shinj in /Users/shinj/git/FinalPJT/FinalPJT/FinalPJT)
2024-10-29T18:38:51.922+09:00  INFO 84347 --- [FinalPJT] [           main] pack.FinalPjtApplicationTests            : No active profile set, falling back to 1 default profile: "default"
2024-10-29T18:38:52.138+09:00  INFO 84347 --- [FinalPJT] [           main] o.s.b.c.c.annotation.BatchRegistrar      : Finished Spring Batch infrastructure beans configuration in 1 ms.
2024-10-29T18:38:52.229+09:00  INFO 84347 --- [FinalPJT] [           main] .s.d.r.c.RepositoryConfigurationDelegate : Bootstrapping Spring Data JPA repositories in DEFAULT mode.
2024-10-29T18:38:52.285+09:00  INFO 84347 --- [FinalPJT] [           main] .s.d.r.c.RepositoryConfigurationDelegate : Finished Spring Data repository scanning in 53 ms. Found 1 JPA repository interface.
2024-10-29T18:38:52.335+09:00  INFO 84347 --- [FinalPJT] [           main] faultConfiguringBeanFactoryPostProcessor : No bean named 'errorChannel' has been explicitly defined. Therefore, a default PublishSubscribeChannel will be created.
2024-10-29T18:38:52.338+09:00  INFO 84347 --- [FinalPJT] [           main] faultConfiguringBeanFactoryPostProcessor : No bean named 'integrationHeaderChannelRegistry' has been explicitly defined. Therefore, a default DefaultHeaderChannelRegistry will be created.
2024-10-29T18:38:52.438+09:00  WARN 84347 --- [FinalPJT] [           main] trationDelegate$BeanPostProcessorChecker : Bean 'jobRegistry' of type [org.springframework.batch.core.configuration.support.MapJobRegistry] is not eligible for getting processed by all BeanPostProcessors (for example: not eligible for auto-proxying). Is this bean getting eagerly injected into a currently created BeanPostProcessor [jobRegistryBeanPostProcessor]? Check the corresponding BeanPostProcessor declaration and its dependencies.
2024-10-29T18:38:52.514+09:00  INFO 84347 --- [FinalPJT] [           main] o.hibernate.jpa.internal.util.LogHelper  : HHH000204: Processing PersistenceUnitInfo [name: default]
2024-10-29T18:38:52.532+09:00  INFO 84347 --- [FinalPJT] [           main] org.hibernate.Version                    : HHH000412: Hibernate ORM core version 6.5.3.Final
2024-10-29T18:38:52.545+09:00  INFO 84347 --- [FinalPJT] [           main] o.h.c.internal.RegionFactoryInitiator    : HHH000026: Second-level cache disabled
2024-10-29T18:38:52.655+09:00  INFO 84347 --- [FinalPJT] [           main] o.s.o.j.p.SpringPersistenceUnitInfo      : No LoadTimeWeaver setup: ignoring JPA class transformer
2024-10-29T18:38:52.665+09:00  INFO 84347 --- [FinalPJT] [           main] com.zaxxer.hikari.HikariDataSource       : HikariPool-1 - Starting...
2024-10-29T18:38:52.744+09:00  INFO 84347 --- [FinalPJT] [           main] com.zaxxer.hikari.pool.HikariPool        : HikariPool-1 - Added connection conn0: url=jdbc:h2:mem:b7030a15-87b4-40b4-8c1f-0c210b3c48e5 user=SA
2024-10-29T18:38:52.744+09:00  INFO 84347 --- [FinalPJT] [           main] com.zaxxer.hikari.HikariDataSource       : HikariPool-1 - Start completed.
2024-10-29T18:38:53.052+09:00  INFO 84347 --- [FinalPJT] [           main] o.h.e.t.j.p.i.JtaPlatformInitiator       : HHH000489: No JTA platform available (set 'hibernate.transaction.jta.platform' to enable JTA platform integration)
Hibernate: create table store (id bigint generated by default as identity, business_name varchar(255), ksic_name varchar(255), latitude float(53) not null, lno_address varchar(255), longitude float(53) not null, rdnm_address varchar(255), primary key (id))
2024-10-29T18:38:53.075+09:00  INFO 84347 --- [FinalPJT] [           main] j.LocalContainerEntityManagerFactoryBean : Initialized JPA EntityManagerFactory for persistence unit 'default'
2024-10-29T18:38:53.127+09:00  INFO 84347 --- [FinalPJT] [           main] o.s.b.c.r.s.JobRepositoryFactoryBean     : No database type set, using meta data indicating: H2
2024-10-29T18:38:53.223+09:00  WARN 84347 --- [FinalPJT] [           main] o.s.b.c.l.AbstractListenerFactoryBean    : org.springframework.batch.item.ItemReader is an interface. The implementing class will not be queried for annotation based listener configurations. If using @StepScope on a @Bean method, be sure to return the implementing class so listener annotations can be used.
2024-10-29T18:38:53.227+09:00  INFO 84347 --- [FinalPJT] [           main] .c.a.BatchObservabilityBeanPostProcessor : No Micrometer observation registry found, defaulting to ObservationRegistry.NOOP
2024-10-29T18:38:53.229+09:00  INFO 84347 --- [FinalPJT] [           main] .c.a.BatchObservabilityBeanPostProcessor : No Micrometer observation registry found, defaulting to ObservationRegistry.NOOP
2024-10-29T18:38:53.231+09:00  INFO 84347 --- [FinalPJT] [           main] o.s.b.c.l.support.SimpleJobLauncher      : No TaskExecutor has been set, defaulting to synchronous executor.
2024-10-29T18:38:53.287+09:00  WARN 84347 --- [FinalPJT] [           main] JpaBaseConfiguration$JpaWebConfiguration : spring.jpa.open-in-view is enabled by default. Therefore, database queries may be performed during view rendering. Explicitly configure spring.jpa.open-in-view to disable this warning
2024-10-29T18:38:53.451+09:00  INFO 84347 --- [FinalPJT] [           main] o.s.i.endpoint.EventDrivenConsumer       : Adding {logging-channel-adapter:_org.springframework.integration.errorLogger} as a subscriber to the 'errorChannel' channel
2024-10-29T18:38:53.451+09:00  INFO 84347 --- [FinalPJT] [           main] o.s.i.channel.PublishSubscribeChannel    : Channel 'FinalPJT.errorChannel' has 1 subscriber(s).
2024-10-29T18:38:53.451+09:00  INFO 84347 --- [FinalPJT] [           main] o.s.i.endpoint.EventDrivenConsumer       : started bean '_org.springframework.integration.errorLogger'
2024-10-29T18:38:53.455+09:00  INFO 84347 --- [FinalPJT] [           main] pack.FinalPjtApplicationTests            : Started FinalPjtApplicationTests in 1.678 seconds (process running for 2.22)
]]></system-out>
    <system-err><![CDATA[WARNING: A Java agent has been loaded dynamically (/Users/shinj/.m2/repository/net/bytebuddy/byte-buddy-agent/1.14.19/byte-buddy-agent-1.14.19.jar)
WARNING: If a serviceability tool is in use, please run with -XX:+EnableDynamicAgentLoading to hide this warning
WARNING: If a serviceability tool is not in use, please run with -Djdk.instrument.traceUsage for more information
WARNING: Dynamic loading of agents will be disallowed by default in a future release
]]></system-err>
  </testcase>
</testsuite>